09:01:36 AM: DEBUG [conexion.py:23] Conexión exitosa: <connection object at 0x0000019DCDBF87B0; dsn: 'user=postgres password=xxx dbname=test_db host=127.0.0.1 port=5432', closed: 0>
09:01:36 AM: DEBUG [conexion.py:36] Se abrió correctamente el cursor: <cursor object at 0x0000019DCF74DBA0; closed: 0>
09:01:59 AM: ERROR [conexion.py:26] Ocurrió una excepción al obtener la conexión: 
09:02:17 AM: DEBUG [conexion.py:23] Conexión exitosa: <connection object at 0x00000268637307B0; dsn: 'user=postgres password=xxx dbname=test_db host=127.0.0.1 port=5432', closed: 0>
09:02:17 AM: DEBUG [conexion.py:36] Se abrió correctamente el cursor: <cursor object at 0x0000026865292BA0; closed: 0>
09:31:06 AM: DEBUG [persona.py:50] 
            Id Persona: 1, Nombre: Juan,
            Apellido: Perez, Email: jperez@mail.com
        
09:31:06 AM: DEBUG [persona.py:53] 
            Id Persona: None, Nombre: Juan,
            Apellido: Perez, Email: jperez@mail.com
        
09:31:06 AM: DEBUG [persona.py:56] 
            Id Persona: 1, Nombre: None,
            Apellido: None, Email: None
        
09:32:43 AM: DEBUG [conexion.py:23] Conexión exitosa: <connection object at 0x0000023A1B1407B0; dsn: 'user=postgres password=xxx dbname=test_db host=127.0.0.1 port=5432', closed: 0>
09:32:43 AM: DEBUG [conexion.py:36] Se abrió correctamente el cursor: <cursor object at 0x0000023A1CC72BA0; closed: 0>
09:32:51 AM: DEBUG [logger_base.py:12] Mensaje a nivel debug
09:32:51 AM: INFO [logger_base.py:13] Mensaje a nivel info
09:32:51 AM: WARNING [logger_base.py:14] Mensaje a nivel de warning
09:32:51 AM: ERROR [logger_base.py:15] Mensaje a nivel de error
09:32:51 AM: CRITICAL [logger_base.py:16] Mensaje a nivel critico
09:32:59 AM: DEBUG [persona.py:50] 
            Id Persona: 1, Nombre: Juan,
            Apellido: Perez, Email: jperez@mail.com
        
09:32:59 AM: DEBUG [persona.py:53] 
            Id Persona: None, Nombre: Juan,
            Apellido: Perez, Email: jperez@mail.com
        
09:32:59 AM: DEBUG [persona.py:56] 
            Id Persona: 1, Nombre: None,
            Apellido: None, Email: None
        
09:34:28 AM: DEBUG [persona.py:50] 
            Id Persona: 1, Nombre: Juan,
            Apellido: Perez, Email: jperez@mail.com
        
09:34:48 AM: DEBUG [persona.py:50] 
            Id Persona: 1, Nombre: Juan,
            Apellido: Perez, Email: jperez@mail.com
        
09:34:48 AM: DEBUG [persona.py:53] 
            Id Persona: None, Nombre: Juan,
            Apellido: Perez, Email: jperez@mail.com
        
09:34:48 AM: DEBUG [persona.py:56] 
            Id Persona: 1, Nombre: None,
            Apellido: None, Email: None
        
09:34:58 AM: DEBUG [persona.py:50] 
            Id Persona: 1, Nombre: Juan,
            Apellido: Perez, Email: jperez@mail.com
        
09:34:58 AM: DEBUG [persona.py:53] 
            Id Persona: None, Nombre: Juan,
            Apellido: Perez, Email: jperez@mail.com
        
09:34:58 AM: DEBUG [persona.py:56] 
            Id Persona: 1, Nombre: None,
            Apellido: None, Email: None
        
09:35:03 AM: DEBUG [persona.py:50] 
            Id Persona: 1, Nombre: Juan,
            Apellido: Perez, Email: jperez@mail.com
        
09:35:14 AM: DEBUG [persona.py:50] 
            Id Persona: 1, Nombre: Juan,
            Apellido: Perez, Email: jperez@mail.com
        
09:35:22 AM: DEBUG [persona.py:53] 
            Id Persona: None, Nombre: Juan,
            Apellido: Perez, Email: jperez@mail.com
        
09:35:22 AM: DEBUG [persona.py:56] 
            Id Persona: 1, Nombre: None,
            Apellido: None, Email: None
        
09:35:27 AM: DEBUG [persona.py:50] 
            Id Persona: 1, Nombre: Juan,
            Apellido: Perez, Email: jperez@mail.com
        
09:35:27 AM: DEBUG [persona.py:53] 
            Id Persona: None, Nombre: Juan,
            Apellido: Perez, Email: jperez@mail.com
        
09:35:27 AM: DEBUG [persona.py:56] 
            Id Persona: 1, Nombre: None,
            Apellido: None, Email: None
        
09:35:38 AM: DEBUG [persona.py:50] 
            Id Persona: 1, Nombre: Juan,
            Apellido: Perez, Email: jperez@mail.com
        
09:35:38 AM: DEBUG [persona.py:53] 
            Id Persona: None, Nombre: Juan,
            Apellido: Perez, Email: jperez@mail.com
        
09:35:38 AM: DEBUG [persona.py:56] 
            Id Persona: 1, Nombre: None,
            Apellido: None, Email: None
        
09:35:45 AM: DEBUG [persona.py:50] 
            Id Persona: 1, Nombre: Juan,
            Apellido: Perez, Email: jperez@mail.com
        
12:54:33 PM: DEBUG [persona.py:50] 
            Id Persona: 1, Nombre: Juan,
            Apellido: Perez, Email: jperez@mail.com
        
12:54:33 PM: DEBUG [persona.py:53] 
            Id Persona: None, Nombre: Juan,
            Apellido: Perez, Email: jperez@mail.com
        
12:54:33 PM: DEBUG [persona.py:56] 
            Id Persona: 1, Nombre: None,
            Apellido: None, Email: None
        
01:06:54 PM: DEBUG [persona.py:50] 
            Id Persona: 1, Nombre: Juan,
            Apellido: Perez, Email: jperez@mail.com
        
01:06:54 PM: DEBUG [persona.py:53] 
            Id Persona: None, Nombre: Juan,
            Apellido: Perez, Email: jperez@mail.com
        
01:06:54 PM: DEBUG [persona.py:56] 
            Id Persona: 1, Nombre: None,
            Apellido: None, Email: None
        
01:12:50 PM: DEBUG [persona.py:50] 
            Id Persona: 1, Nombre: Juan,
            Apellido: Perez, Email: jperez@mail.com
        
01:12:50 PM: DEBUG [persona.py:53] 
            Id Persona: None, Nombre: Juan,
            Apellido: Perez, Email: jperez@mail.com
        
01:12:50 PM: DEBUG [persona.py:56] 
            Id Persona: 1, Nombre: None,
            Apellido: None, Email: None
        
01:12:58 PM: DEBUG [persona.py:50] 
            Id Persona: 1, Nombre: Juan,
            Apellido: Perez, Email: jperez@mail.com
        
01:12:58 PM: DEBUG [persona.py:53] 
            Id Persona: None, Nombre: Juan,
            Apellido: Perez, Email: jperez@mail.com
        
01:12:58 PM: DEBUG [persona.py:56] 
            Id Persona: 1, Nombre: None,
            Apellido: None, Email: None
        
01:42:23 PM: DEBUG [persona.py:50] 
            Id Persona: 1, Nombre: Juan,
            Apellido: Perez, Email: jperez@mail.com
        
01:42:23 PM: DEBUG [persona.py:53] 
            Id Persona: None, Nombre: Juan,
            Apellido: Perez, Email: jperez@mail.com
        
01:42:23 PM: DEBUG [persona.py:56] 
            Id Persona: 1, Nombre: None,
            Apellido: None, Email: None
        
01:44:15 PM: DEBUG [persona.py:50] 
            Id Persona: 1, Nombre: Juan,
            Apellido: Perez, Email: jperez@mail.com
        
01:44:15 PM: DEBUG [persona.py:53] 
            Id Persona: None, Nombre: Juan,
            Apellido: Perez, Email: jperez@mail.com
        
01:44:15 PM: DEBUG [persona.py:56] 
            Id Persona: 1, Nombre: None,
            Apellido: None, Email: None
        
01:44:22 PM: DEBUG [persona.py:50] 
            Id Persona: 1, Nombre: Juan,
            Apellido: Perez, Email: jperez@mail.com
        
01:44:22 PM: DEBUG [persona.py:53] 
            Id Persona: None, Nombre: Juan,
            Apellido: Perez, Email: jperez@mail.com
        
01:44:22 PM: DEBUG [persona.py:56] 
            Id Persona: 1, Nombre: None,
            Apellido: None, Email: None
        
01:44:40 PM: DEBUG [persona.py:50] 
            Id Persona: 1, Nombre: Juan,
            Apellido: Perez, Email: jperez@mail.com
        
01:44:40 PM: DEBUG [persona.py:53] 
            Id Persona: None, Nombre: Juan,
            Apellido: Perez, Email: jperez@mail.com
        
01:44:40 PM: DEBUG [persona.py:56] 
            Id Persona: 1, Nombre: None,
            Apellido: None, Email: None
        
02:36:55 PM: DEBUG [persona.py:50] 
            Id Persona: 1, Nombre: Juan,
            Apellido: Perez, Email: jperez@mail.com
        
02:36:55 PM: DEBUG [persona.py:53] 
            Id Persona: None, Nombre: Juan,
            Apellido: Perez, Email: jperez@mail.com
        
02:36:55 PM: DEBUG [persona.py:56] 
            Id Persona: 1, Nombre: None,
            Apellido: None, Email: None
        
02:37:43 PM: DEBUG [persona.py:50] 
            Id Persona: 1, Nombre: Juan,
            Apellido: Perez, Email: jperez@mail.com
        
02:37:43 PM: DEBUG [persona.py:53] 
            Id Persona: None, Nombre: Juan,
            Apellido: Perez, Email: jperez@mail.com
        
02:37:43 PM: DEBUG [persona.py:56] 
            Id Persona: 1, Nombre: None,
            Apellido: None, Email: None
        
04:43:59 PM: DEBUG [conexion.py:23] Conexión exitosa: <connection object at 0x000002382EFB48C0; dsn: 'user=postgres password=xxx dbname=test_db host=127.0.0.1 port=5432', closed: 0>
04:43:59 PM: DEBUG [conexion.py:36] Se abrió correctamente el cursor: <cursor object at 0x00000238312EEF20; closed: 0>
04:45:41 PM: DEBUG [persona.py:50] 
            Id Persona: 1, Nombre: Juan,
            Apellido: Perez, Email: jperez@mail.com
        
04:45:41 PM: DEBUG [persona.py:53] 
            Id Persona: None, Nombre: Juan,
            Apellido: Perez, Email: jperez@mail.com
        
04:45:41 PM: DEBUG [persona.py:56] 
            Id Persona: 1, Nombre: None,
            Apellido: None, Email: None
        
04:46:45 PM: DEBUG [persona.py:50] 
            Id Persona: 1, Nombre: Juan,
            Apellido: Perez, Email: jperez@mail.com
        
04:46:45 PM: DEBUG [persona.py:53] 
            Id Persona: None, Nombre: Juan,
            Apellido: Perez, Email: jperez@mail.com
        
04:46:45 PM: DEBUG [persona.py:56] 
            Id Persona: 1, Nombre: None,
            Apellido: None, Email: None
        
04:42:59 AM: DEBUG [conexion.py:23] Conexión exitosa: <connection object at 0x00000200F2B148C0; dsn: 'user=postgres password=xxx dbname=test_db host=127.0.0.1 port=5432', closed: 0>
04:42:59 AM: DEBUG [conexion.py:36] Se abrió correctamente el cursor: <cursor object at 0x00000200F496EF20; closed: 0>
04:43:19 AM: ERROR [conexion.py:26] Ocurrió una excepción al obtener la conexión: connection to server at "127.0.0.1", port 5432 failed: FATAL:  database "test_db1" does not exist

04:43:39 AM: DEBUG [conexion.py:23] Conexión exitosa: <connection object at 0x0000013F0EA948C0; dsn: 'user=postgres password=xxx dbname=test_db host=127.0.0.1 port=5432', closed: 0>
04:43:39 AM: DEBUG [conexion.py:36] Se abrió correctamente el cursor: <cursor object at 0x0000013F1091EF20; closed: 0>
