08:47:45 AM: DEBUG [persona.py:50] 
            Id Persona: 1, Nombre: Juan,
            Apellido: Perez, Email: jperez@mail.com
        
08:47:45 AM: DEBUG [persona.py:53] 
            Id Persona: None, Nombre: Juan,
            Apellido: Perez, Email: jperez@mail.com
        
08:47:45 AM: DEBUG [persona.py:56] 
            Id Persona: 1, Nombre: None,
            Apellido: None, Email: None
        
08:50:29 AM: DEBUG [persona.py:50] 
            Id Persona: 1, Nombre: Juan,
            Apellido: Perez, Email: jperez@mail.com
        
08:50:29 AM: DEBUG [persona.py:53] 
            Id Persona: None, Nombre: Juan,
            Apellido: Perez, Email: jperez@mail.com
        
08:50:29 AM: DEBUG [persona.py:56] 
            Id Persona: 1, Nombre: None,
            Apellido: None, Email: None
        
04:32:35 PM: DEBUG [persona.py:50] 
            Id Persona: 1, Nombre: Juan,
            Apellido: Perez, Email: jperez@mail.com
        
04:32:35 PM: DEBUG [persona.py:53] 
            Id Persona: None, Nombre: Juan,
            Apellido: Perez, Email: jperez@mail.com
        
04:32:35 PM: DEBUG [persona.py:56] 
            Id Persona: 1, Nombre: None,
            Apellido: None, Email: None
        
04:28:53 AM: DEBUG [persona.py:50] 
            Id Persona: 1, Nombre: Juan,
            Apellido: Perez, Email: jperez@mail.com
        
04:28:53 AM: DEBUG [persona.py:53] 
            Id Persona: None, Nombre: Juan,
            Apellido: Perez, Email: jperez@mail.com
        
04:28:53 AM: DEBUG [persona.py:56] 
            Id Persona: 1, Nombre: None,
            Apellido: None, Email: None
        
04:32:27 AM: DEBUG [persona.py:50] 
            Id Persona: 1, Nombre: Juan,
            Apellido: Perez, Email: jperez@mail.com
        
04:32:27 AM: DEBUG [persona.py:53] 
            Id Persona: None, Nombre: Juan,
            Apellido: Perez, Email: jperez@mail.com
        
04:32:27 AM: DEBUG [persona.py:56] 
            Id Persona: 1, Nombre: None,
            Apellido: None, Email: None
        
